0 info it worked if it ends with ok
1 verbose cli [ 'node',
1 verbose cli   '/usr/bin/npm',
1 verbose cli   'install',
1 verbose cli   '--save',
1 verbose cli   'hapi-mongoose-handler' ]
2 info using npm@1.4.9
3 info using node@v0.10.26
4 warn package.json Informacni-system-knihkupectvi2@0.0.0 No repository field.
5 warn package.json Informacni-system-knihkupectvi2@0.0.0 No README data
6 verbose readDependencies using package.json deps
7 verbose cache add [ 'hapi-mongoose-handler', null ]
8 verbose cache add name=undefined spec="hapi-mongoose-handler" args=["hapi-mongoose-handler",null]
9 verbose parsed url { protocol: null,
9 verbose parsed url   slashes: null,
9 verbose parsed url   auth: null,
9 verbose parsed url   host: null,
9 verbose parsed url   port: null,
9 verbose parsed url   hostname: null,
9 verbose parsed url   hash: null,
9 verbose parsed url   search: null,
9 verbose parsed url   query: null,
9 verbose parsed url   pathname: 'hapi-mongoose-handler',
9 verbose parsed url   path: 'hapi-mongoose-handler',
9 verbose parsed url   href: 'hapi-mongoose-handler' }
10 silly lockFile e6c4755b-hapi-mongoose-handler hapi-mongoose-handler
11 verbose lock hapi-mongoose-handler /home/zajca/.npm/e6c4755b-hapi-mongoose-handler.lock
12 silly lockFile e6c4755b-hapi-mongoose-handler hapi-mongoose-handler
13 silly lockFile e6c4755b-hapi-mongoose-handler hapi-mongoose-handler
14 verbose addNamed [ 'hapi-mongoose-handler', '' ]
15 verbose addNamed [ null, '*' ]
16 silly lockFile 0deee57e-hapi-mongoose-handler hapi-mongoose-handler@
17 verbose lock hapi-mongoose-handler@ /home/zajca/.npm/0deee57e-hapi-mongoose-handler.lock
18 silly addNameRange { name: 'hapi-mongoose-handler', range: '*', hasData: false }
19 verbose url raw hapi-mongoose-handler
20 verbose url resolving [ 'https://registry.npmjs.org/', './hapi-mongoose-handler' ]
21 verbose url resolved https://registry.npmjs.org/hapi-mongoose-handler
22 info trying registry request attempt 1 at 13:32:16
23 http GET https://registry.npmjs.org/hapi-mongoose-handler
24 http 200 https://registry.npmjs.org/hapi-mongoose-handler
25 silly registry.get cb [ 200,
25 silly registry.get   { date: 'Sun, 25 May 2014 13:32:16 GMT',
25 silly registry.get     server: 'CouchDB/1.5.0 (Erlang OTP/R14B04)',
25 silly registry.get     etag: '"2758NAW6LZY7YIFZGWDHW3NAY"',
25 silly registry.get     'content-type': 'application/json',
25 silly registry.get     via: '1.1 varnish',
25 silly registry.get     'cache-control': 'max-age=1',
25 silly registry.get     'content-length': '13490',
25 silly registry.get     'accept-ranges': 'bytes',
25 silly registry.get     age: '3188',
25 silly registry.get     'x-served-by': 'cache-v42-ASH, cache-am70-AMS',
25 silly registry.get     'x-cache': 'MISS, MISS',
25 silly registry.get     'x-cache-hits': '0, 0',
25 silly registry.get     'x-timer': 'S1401024736.791696,VS0,VE175',
25 silly registry.get     vary: 'Accept',
25 silly registry.get     'keep-alive': 'timeout=10, max=50',
25 silly registry.get     connection: 'Keep-Alive' } ]
26 silly addNameRange number 2 { name: 'hapi-mongoose-handler', range: '*', hasData: true }
27 silly addNameRange versions [ 'hapi-mongoose-handler',
27 silly addNameRange   [ '0.0.2', '0.0.3', '0.0.4', '0.0.5' ] ]
28 verbose addNamed [ 'hapi-mongoose-handler', '0.0.5' ]
29 verbose addNamed [ '0.0.5', '0.0.5' ]
30 silly lockFile f05c979f-hapi-mongoose-handler-0-0-5 hapi-mongoose-handler@0.0.5
31 verbose lock hapi-mongoose-handler@0.0.5 /home/zajca/.npm/f05c979f-hapi-mongoose-handler-0-0-5.lock
32 silly lockFile 7d2b4104--hapi-mongoose-handler-0-0-5-tgz https://registry.npmjs.org/hapi-mongoose-handler/-/hapi-mongoose-handler-0.0.5.tgz
33 verbose lock https://registry.npmjs.org/hapi-mongoose-handler/-/hapi-mongoose-handler-0.0.5.tgz /home/zajca/.npm/7d2b4104--hapi-mongoose-handler-0-0-5-tgz.lock
34 verbose addRemoteTarball [ 'https://registry.npmjs.org/hapi-mongoose-handler/-/hapi-mongoose-handler-0.0.5.tgz',
34 verbose addRemoteTarball   '167b9c1a29de849456dc0263183590588b8b05ba' ]
35 info retry fetch attempt 1 at 13:32:17
36 verbose fetch to= /home/zajca/tmp/npm-4295-YOewbeB-/1401024737070-0.45499999332241714/tmp.tgz
37 http GET https://registry.npmjs.org/hapi-mongoose-handler/-/hapi-mongoose-handler-0.0.5.tgz
38 http 200 https://registry.npmjs.org/hapi-mongoose-handler/-/hapi-mongoose-handler-0.0.5.tgz
39 verbose tar unpack /home/zajca/tmp/npm-4295-YOewbeB-/1401024737070-0.45499999332241714/tmp.tgz
40 silly lockFile 29aea22a-i-mongoose-handler-0-0-5-package tar:///home/zajca/.npm/hapi-mongoose-handler/0.0.5/package
41 verbose lock tar:///home/zajca/.npm/hapi-mongoose-handler/0.0.5/package /home/zajca/.npm/29aea22a-i-mongoose-handler-0-0-5-package.lock
42 silly lockFile 04721b6d-7070-0-45499999332241714-tmp-tgz tar:///home/zajca/tmp/npm-4295-YOewbeB-/1401024737070-0.45499999332241714/tmp.tgz
43 verbose lock tar:///home/zajca/tmp/npm-4295-YOewbeB-/1401024737070-0.45499999332241714/tmp.tgz /home/zajca/.npm/04721b6d-7070-0-45499999332241714-tmp-tgz.lock
44 silly gunzTarPerm modes [ '755', '644' ]
45 silly gunzTarPerm extractEntry package.json
46 silly gunzTarPerm extractEntry .npmignore
47 silly gunzTarPerm extractEntry README.md
48 silly gunzTarPerm extractEntry .travis.yml
49 silly gunzTarPerm extractEntry lib/create.js
50 silly gunzTarPerm extractEntry lib/destroy.js
51 silly gunzTarPerm extractEntry lib/find.js
52 silly gunzTarPerm extractEntry lib/findOne.js
53 silly gunzTarPerm extractEntry lib/index.js
54 silly gunzTarPerm extractEntry lib/update.js
55 silly gunzTarPerm extractEntry src/create.coffee
56 silly gunzTarPerm extractEntry src/destroy.coffee
57 silly gunzTarPerm extractEntry src/find.coffee
58 silly gunzTarPerm extractEntry src/findOne.coffee
59 silly gunzTarPerm extractEntry src/index.coffee
60 silly gunzTarPerm extractEntry src/update.coffee
61 silly gunzTarPerm extractEntry test/index.js
62 silly lockFile 29aea22a-i-mongoose-handler-0-0-5-package tar:///home/zajca/.npm/hapi-mongoose-handler/0.0.5/package
63 silly lockFile 29aea22a-i-mongoose-handler-0-0-5-package tar:///home/zajca/.npm/hapi-mongoose-handler/0.0.5/package
64 silly lockFile 04721b6d-7070-0-45499999332241714-tmp-tgz tar:///home/zajca/tmp/npm-4295-YOewbeB-/1401024737070-0.45499999332241714/tmp.tgz
65 silly lockFile 04721b6d-7070-0-45499999332241714-tmp-tgz tar:///home/zajca/tmp/npm-4295-YOewbeB-/1401024737070-0.45499999332241714/tmp.tgz
66 silly lockFile 7d2b4104--hapi-mongoose-handler-0-0-5-tgz https://registry.npmjs.org/hapi-mongoose-handler/-/hapi-mongoose-handler-0.0.5.tgz
67 silly lockFile 7d2b4104--hapi-mongoose-handler-0-0-5-tgz https://registry.npmjs.org/hapi-mongoose-handler/-/hapi-mongoose-handler-0.0.5.tgz
68 silly lockFile f05c979f-hapi-mongoose-handler-0-0-5 hapi-mongoose-handler@0.0.5
69 silly lockFile f05c979f-hapi-mongoose-handler-0-0-5 hapi-mongoose-handler@0.0.5
70 silly lockFile 0deee57e-hapi-mongoose-handler hapi-mongoose-handler@
71 silly lockFile 0deee57e-hapi-mongoose-handler hapi-mongoose-handler@
72 silly resolved [ { name: 'hapi-mongoose-handler',
72 silly resolved     keywords: [ 'hapi', 'mongoose', 'mongo' ],
72 silly resolved     version: '0.0.5',
72 silly resolved     main: './lib/index.js',
72 silly resolved     description: 'Generic handlers for quickly making RESTful APIs from mongoose schemas with hapi',
72 silly resolved     engines: { node: '>=0.10.5' },
72 silly resolved     repository:
72 silly resolved      { type: 'git',
72 silly resolved        url: 'https://github.com/craveprogramminginc/hapi-mongoose-handler' },
72 silly resolved     dependencies: { lodash: '~2.4.1' },
72 silly resolved     peerDependencies: { hapi: '2.x.x' },
72 silly resolved     scripts:
72 silly resolved      { prepublish: './node_modules/coffee-script/bin/coffee  -o lib/ -c src/',
72 silly resolved        test: './node_modules/mocha/bin/mocha --reporter spec ./test/' },
72 silly resolved     author: { name: 'null_radix', email: 'null_radix@riseup.net' },
72 silly resolved     license: 'AGPL',
72 silly resolved     bugs: { url: 'https://github.com/craveprogramminginc/hapi-mongoose-handler/issues' },
72 silly resolved     devDependencies:
72 silly resolved      { mongoose: '~3.8.6',
72 silly resolved        mocha: '~1.17.1',
72 silly resolved        chai: '~1.9.0',
72 silly resolved        'coffee-script': '~1.7.1',
72 silly resolved        hapi: '~2.1.2' },
72 silly resolved     readme: 'hapi-mongoose-handler [![Build Status](https://travis-ci.org/craveprogramminginc/hapi-mongoose-handler.png?branch=master)](https://travis-ci.org/craveprogramminginc/hapi-mongoose-handler)\n=====================\n\n- Easly turn your mongoose models into a RESTful API. \n- Converts mongoose validation errors to 402\'s with an appropriate error message\n- Trys to follow hapi\'s configuration centric stlye\n\nInstall\n=======\n`npm install hapi-mongoose-handler`  \nOr  \n`git clone https://github.com/craveprogramminginc/hapi-mongoose-handler && cd hapi-mongoose-handler`  \nThen Build  \n`coffee -o lib/ -c src/`\n\n\nExample\n=======\n\n```javascript\nvar Hapi    = require(\'hapi\');\n\n//fist we need to require this package :P\nvar Handler = require(\'hapi-mongoose-handler\');\n\n//2) we need a mongoose model\nvar SomeModel = require(\'path/to/model\');\n\n//3) we create a new generic handler with the prevous model\nvar SomeHandler = new Handler({\n  model: SomeModel\n});\n\n//4) create some routes for hapi and use the method provided by the handler we created\nvar routes = [\n  {\n    method: "POST",\n    path: "/something",\n    config: {\n      handler: SomeHandler.create(),\n      auth: true\n    }\n  }, {\n    //use the param _id to delete by\n    method: "DELETE",\n    path: "/something/{_id}",\n    config: {\n      handler: SomeHandler.delete(),\n      auth: true\n    }\n  }, {\n    //use the param _id + queryString to find by\n    method: "GET",\n    path: "/something/{_id}",\n    config: {\n      handler: SomeHandler.findOne()\n    }\n  }, {\n    //uses the queryString querystring to search\n    method: "GET",\n    path: "/somethings/",\n    config: {\n      handler: SomeHandler.find()\n    }\n  }\n];\n\nHapi.routes(routes);\n```\n\nReferance\n=========\n## new Handler([options])\nCreate a new instance of hapi-mongoose-handler. \n### Options\nThe following options are valid.\n\n- `model` - the mongoose model we want to create an API for\n- `config`  \n  - `maxLimit` - the max number of results to return\n  - `defaultOrder` the order of the results if no `order` is specified in the query\n- `fields` - hash of fields that will be saved to the model. Used by `create` and `update` Each field can have the following option\n  - `validate` - a function that is given the field value, `params` and  `request` and returns a string if invalid else return null\n  - `transform` - a function that is given the field value, `params` and  `request` and returns the new value for the field\n  -  `rename` - a string that the field is renamed to before saving\n  - function - if only a function is given it is use a the `transform` option\n- `queries` - the same as fields except used to query mongo. Used by `update`, `delete`, `find` and `findOne`. The values come from the querystring.\n- `check` - a function that is given the `model` and the `request`, return a true/false determining whether to modify the model, runs on `update`, `delete`  \n- `omit` - an array of fields to omit\n- `after` - a function that runs after the model as been found or modified. It is given the results of the mongoose query and the `request` object. Whatever you return will be the response. You can use this to wrap or modify the results from mongo. \n\n### Methods\ntheses are the method attached to handler instance. Each of the function take a options hash with the same option as the contructor. This enables you to overload the option for each individual handler\n- `create` create a document using the payload from the request\n- `find` find documents using the querystring to search by\n- `findOne` find one document using the querystring ORed with request.param as the condition parameter\n- `delete` delete one  document using the querystring ORed with request.param as the condition parameter\n\n### Events\nAdds the following events to hapi\'s [server](https://github.com/spumko/hapi/blob/master/docs/Reference.md#hapiserver) object\n- `create` - emits an event on creation of a model that is the concatenation of create and the model name with the first letter capitilized. For example if you had a model name `dog` when you created a new `dog` the event would be `createDog`\n- `update` - emits an event on the modification of a model that is the same format as create\n- `delete` - emits an event on the deletation of a model that is the same format as create\n\nExamples\n========\n\nLets add some field to transfrom to the first example\n\n```javascript\n//3) we create a new generic handler with the prevous model\nvar SomeHandler = new Handler({\n  model: SomeModel,\n  fields: {\n      //someFieldVal comes from request.params.someField\n      someField: function(someFieldVal, params, request){\n        //return a new value for the field\n        return "Cadaverously Quaint ";\n      }\n  }\n});\n```\n\nHere is how you would add some extra validation\n```javascript\n//3) we create a new generic handler with the prevous model\nvar SomeHandler = new Handler({\n  model: SomeModel,\n  fields: {\n      //someFieldVal comes from request.params.someField\n      someField:{\n        transform: function(someFieldVal, params, request){\n        //return a new value for the field\n        return "Cadaverously Quaint";\n        },\n        //validation run after traform, so this will also return true\n        validate: function(someFieldVal, params, request){\n          //if false hapi will return a 401 error with a error message for someField\n          return someFieldVal == "Cadaverously Quaint";\n        }\n      }\n  }\n});\n```\n\nIf you want to overload an individual handler.\n\n```javascript\n//3) we create a new generic handler with the prevous model\nvar SomeHandler = new Handler({\n  model: someModel\n});\n\n\nvar routes = [{\n    method: "POST",\n    path: "/something",\n    config: {\n      //create will now act on someThingElse instead of someModel \n      handler: SomeHandler.create({\n        model: someThingElse,\n     })\n    }\n}];\n```\n\nMore Examples\n=============\n- [MetaGeo\'s event controller](https://github.com/craveprogramminginc/metageo-core/blob/master/controllers/eventController.coffee)\n- [MetaGeo\'s user controller](https://github.com/craveprogramminginc/metageo-core/blob/master/controllers/userController.coffee)\n- [MetaGeo\'s list controller](https://github.com/craveprogramminginc/metageo-core/blob/master/controllers/listController.coffee)\n\n\nTests\n=====\nTests are written in mocha\nTo run tests `npm test`\n\nFAQs\n====\n### So this shit is broken, now what?\nplease open an [issue](https://github.com/craveprogramminginc/hapi-mongoose-handler/issues).\n\n### Can I have X ?\nplease open an [issue](https://github.com/craveprogramminginc/hapi-mongoose-handler/issues).\n\n### uhmm its written in coffeesccript and that not \'what the gods intended\'\nDiversity is good, stop being a racist and join the pagan dance circle \n\n### Why am I using mongoose in the first place?\nI don\'t know and thats beyond the scope of this project.\n  \n',
72 silly resolved     readmeFilename: 'README.md',
72 silly resolved     homepage: 'https://github.com/craveprogramminginc/hapi-mongoose-handler',
72 silly resolved     _id: 'hapi-mongoose-handler@0.0.5',
72 silly resolved     _shasum: '167b9c1a29de849456dc0263183590588b8b05ba',
72 silly resolved     _from: 'hapi-mongoose-handler@',
72 silly resolved     _resolved: 'https://registry.npmjs.org/hapi-mongoose-handler/-/hapi-mongoose-handler-0.0.5.tgz' } ]
73 info install hapi-mongoose-handler@0.0.5 into /srv/http/DP/new
74 info installOne hapi-mongoose-handler@0.0.5
75 info /srv/http/DP/new/node_modules/hapi-mongoose-handler unbuild
76 verbose tar unpack /home/zajca/.npm/hapi-mongoose-handler/0.0.5/package.tgz
77 silly lockFile fd6dd83c-de-modules-hapi-mongoose-handler tar:///srv/http/DP/new/node_modules/hapi-mongoose-handler
78 verbose lock tar:///srv/http/DP/new/node_modules/hapi-mongoose-handler /home/zajca/.npm/fd6dd83c-de-modules-hapi-mongoose-handler.lock
79 silly lockFile 8fe6dec2-ngoose-handler-0-0-5-package-tgz tar:///home/zajca/.npm/hapi-mongoose-handler/0.0.5/package.tgz
80 verbose lock tar:///home/zajca/.npm/hapi-mongoose-handler/0.0.5/package.tgz /home/zajca/.npm/8fe6dec2-ngoose-handler-0-0-5-package-tgz.lock
81 silly gunzTarPerm modes [ '755', '644' ]
82 silly gunzTarPerm extractEntry package.json
83 silly gunzTarPerm extractEntry .npmignore
84 silly gunzTarPerm extractEntry README.md
85 silly gunzTarPerm extractEntry .travis.yml
86 silly gunzTarPerm extractEntry lib/create.js
87 silly gunzTarPerm extractEntry lib/destroy.js
88 silly gunzTarPerm extractEntry lib/find.js
89 silly gunzTarPerm extractEntry lib/findOne.js
90 silly gunzTarPerm extractEntry lib/index.js
91 silly gunzTarPerm extractEntry lib/update.js
92 silly gunzTarPerm extractEntry src/create.coffee
93 silly gunzTarPerm extractEntry src/destroy.coffee
94 silly gunzTarPerm extractEntry src/find.coffee
95 silly gunzTarPerm extractEntry src/findOne.coffee
96 silly gunzTarPerm extractEntry src/index.coffee
97 silly gunzTarPerm extractEntry src/update.coffee
98 silly gunzTarPerm extractEntry test/index.js
99 silly lockFile fd6dd83c-de-modules-hapi-mongoose-handler tar:///srv/http/DP/new/node_modules/hapi-mongoose-handler
100 silly lockFile fd6dd83c-de-modules-hapi-mongoose-handler tar:///srv/http/DP/new/node_modules/hapi-mongoose-handler
101 silly lockFile 8fe6dec2-ngoose-handler-0-0-5-package-tgz tar:///home/zajca/.npm/hapi-mongoose-handler/0.0.5/package.tgz
102 silly lockFile 8fe6dec2-ngoose-handler-0-0-5-package-tgz tar:///home/zajca/.npm/hapi-mongoose-handler/0.0.5/package.tgz
103 info preinstall hapi-mongoose-handler@0.0.5
104 verbose readDependencies using package.json deps
105 verbose readDependencies using package.json deps
106 verbose cache add [ 'lodash@~2.4.1', null ]
107 verbose cache add name=undefined spec="lodash@~2.4.1" args=["lodash@~2.4.1",null]
108 verbose parsed url { protocol: null,
108 verbose parsed url   slashes: null,
108 verbose parsed url   auth: null,
108 verbose parsed url   host: null,
108 verbose parsed url   port: null,
108 verbose parsed url   hostname: null,
108 verbose parsed url   hash: null,
108 verbose parsed url   search: null,
108 verbose parsed url   query: null,
108 verbose parsed url   pathname: 'lodash@~2.4.1',
108 verbose parsed url   path: 'lodash@~2.4.1',
108 verbose parsed url   href: 'lodash@~2.4.1' }
109 verbose cache add name="lodash" spec="~2.4.1" args=["lodash","~2.4.1"]
110 verbose parsed url { protocol: null,
110 verbose parsed url   slashes: null,
110 verbose parsed url   auth: null,
110 verbose parsed url   host: null,
110 verbose parsed url   port: null,
110 verbose parsed url   hostname: null,
110 verbose parsed url   hash: null,
110 verbose parsed url   search: null,
110 verbose parsed url   query: null,
110 verbose parsed url   pathname: '~2.4.1',
110 verbose parsed url   path: '~2.4.1',
110 verbose parsed url   href: '~2.4.1' }
111 verbose addNamed [ 'lodash', '~2.4.1' ]
112 verbose addNamed [ null, '>=2.4.1-0 <2.5.0-0' ]
113 silly lockFile 257f9ab3-lodash-2-4-1 lodash@~2.4.1
114 verbose lock lodash@~2.4.1 /home/zajca/.npm/257f9ab3-lodash-2-4-1.lock
115 silly addNameRange { name: 'lodash', range: '>=2.4.1-0 <2.5.0-0', hasData: false }
116 verbose url raw lodash
117 verbose url resolving [ 'https://registry.npmjs.org/', './lodash' ]
118 verbose url resolved https://registry.npmjs.org/lodash
119 info trying registry request attempt 1 at 13:32:17
120 verbose etag "CCGGIV71IOMLW481A0TZCDARF"
121 http GET https://registry.npmjs.org/lodash
122 http 304 https://registry.npmjs.org/lodash
123 silly registry.get cb [ 304,
123 silly registry.get   { date: 'Sun, 25 May 2014 13:32:18 GMT',
123 silly registry.get     server: 'Apache',
123 silly registry.get     via: '1.1 varnish',
123 silly registry.get     'last-modified': 'Sun, 25 May 2014 13:32:18 GMT',
123 silly registry.get     'cache-control': 'max-age=1',
123 silly registry.get     etag: '"CCGGIV71IOMLW481A0TZCDARF"',
123 silly registry.get     'x-served-by': 'cache-am71-AMS',
123 silly registry.get     'x-cache': 'HIT',
123 silly registry.get     'x-cache-hits': '1',
123 silly registry.get     'x-timer': 'S1401024738.078806,VS0,VE84',
123 silly registry.get     vary: 'Accept',
123 silly registry.get     'content-length': '0',
123 silly registry.get     'keep-alive': 'timeout=10, max=50',
123 silly registry.get     connection: 'Keep-Alive' } ]
124 verbose etag lodash from cache
125 silly addNameRange number 2 { name: 'lodash', range: '>=2.4.1-0 <2.5.0-0', hasData: true }
126 silly addNameRange versions [ 'lodash',
126 silly addNameRange   [ '0.1.0',
126 silly addNameRange     '0.2.0',
126 silly addNameRange     '0.2.1',
126 silly addNameRange     '0.2.2',
126 silly addNameRange     '0.3.0',
126 silly addNameRange     '0.3.1',
126 silly addNameRange     '0.3.2',
126 silly addNameRange     '0.4.0',
126 silly addNameRange     '0.4.1',
126 silly addNameRange     '0.4.2',
126 silly addNameRange     '0.5.0-rc.1',
126 silly addNameRange     '0.5.0',
126 silly addNameRange     '0.5.1',
126 silly addNameRange     '0.5.2',
126 silly addNameRange     '0.6.0',
126 silly addNameRange     '0.6.1',
126 silly addNameRange     '0.7.0',
126 silly addNameRange     '0.8.0',
126 silly addNameRange     '0.8.1',
126 silly addNameRange     '0.8.2',
126 silly addNameRange     '0.9.0',
126 silly addNameRange     '0.9.1',
126 silly addNameRange     '0.9.2',
126 silly addNameRange     '0.10.0',
126 silly addNameRange     '1.0.0-rc.1',
126 silly addNameRange     '1.0.0-rc.2',
126 silly addNameRange     '1.0.0-rc.3',
126 silly addNameRange     '1.0.0',
126 silly addNameRange     '1.0.1',
126 silly addNameRange     '1.1.0',
126 silly addNameRange     '1.1.1',
126 silly addNameRange     '1.2.0',
126 silly addNameRange     '1.2.1',
126 silly addNameRange     '1.3.0',
126 silly addNameRange     '1.3.1',
126 silly addNameRange     '2.0.0',
126 silly addNameRange     '2.1.0',
126 silly addNameRange     '2.2.0',
126 silly addNameRange     '2.2.1',
126 silly addNameRange     '2.3.0',
126 silly addNameRange     '2.4.0',
126 silly addNameRange     '2.4.1' ] ]
127 verbose addNamed [ 'lodash', '2.4.1' ]
128 verbose addNamed [ '2.4.1', '2.4.1' ]
129 silly lockFile 8502be2a-lodash-2-4-1 lodash@2.4.1
130 verbose lock lodash@2.4.1 /home/zajca/.npm/8502be2a-lodash-2-4-1.lock
131 silly lockFile 8502be2a-lodash-2-4-1 lodash@2.4.1
132 silly lockFile 8502be2a-lodash-2-4-1 lodash@2.4.1
133 silly lockFile 257f9ab3-lodash-2-4-1 lodash@~2.4.1
134 silly lockFile 257f9ab3-lodash-2-4-1 lodash@~2.4.1
135 silly resolved [ { name: 'lodash',
135 silly resolved     version: '2.4.1',
135 silly resolved     description: 'A utility library delivering consistency, customization, performance, & extras.',
135 silly resolved     homepage: 'http://lodash.com/',
135 silly resolved     license: 'MIT',
135 silly resolved     main: 'dist/lodash.js',
135 silly resolved     keywords:
135 silly resolved      [ 'amd',
135 silly resolved        'browser',
135 silly resolved        'client',
135 silly resolved        'customize',
135 silly resolved        'functional',
135 silly resolved        'server',
135 silly resolved        'util' ],
135 silly resolved     author:
135 silly resolved      { name: 'John-David Dalton',
135 silly resolved        email: 'john.david.dalton@gmail.com',
135 silly resolved        url: 'http://allyoucanleet.com/' },
135 silly resolved     contributors: [ [Object], [Object], [Object], [Object] ],
135 silly resolved     bugs: { url: 'https://github.com/lodash/lodash/issues' },
135 silly resolved     repository: { type: 'git', url: 'https://github.com/lodash/lodash.git' },
135 silly resolved     engines: [ 'node', 'rhino' ],
135 silly resolved     files:
135 silly resolved      [ 'LICENSE.txt',
135 silly resolved        'lodash.js',
135 silly resolved        'dist/lodash.js',
135 silly resolved        'dist/lodash.min.js',
135 silly resolved        'dist/lodash.compat.js',
135 silly resolved        'dist/lodash.compat.min.js',
135 silly resolved        'dist/lodash.underscore.js',
135 silly resolved        'dist/lodash.underscore.min.js' ],
135 silly resolved     jam: { main: 'dist/lodash.compat.js', include: [Object] },
135 silly resolved     volo: { type: 'directory', ignore: [Object] },
135 silly resolved     readme: '# Lo-Dash v2.4.1\nA utility library delivering consistency, [customization](http://lodash.com/custom-builds), [performance](http://lodash.com/benchmarks), & [extras](http://lodash.com/#features).\n\n## Download\n\nCheck out our [wiki]([https://github.com/lodash/lodash/wiki/build-differences]) for details over the differences between builds.\n\n* Modern builds perfect for newer browsers/environments:<br>\n[Development](https://raw.github.com/lodash/lodash/2.4.1/dist/lodash.js) &\n[Production](https://raw.github.com/lodash/lodash/2.4.1/dist/lodash.min.js)\n\n* Compatibility builds for older environment support too:<br>\n[Development](https://raw.github.com/lodash/lodash/2.4.1/dist/lodash.compat.js) &\n[Production](https://raw.github.com/lodash/lodash/2.4.1/dist/lodash.compat.min.js)\n\n* Underscore builds to use as a drop-in replacement:<br>\n[Development](https://raw.github.com/lodash/lodash/2.4.1/dist/lodash.underscore.js) &\n[Production](https://raw.github.com/lodash/lodash/2.4.1/dist/lodash.underscore.min.js)\n\nCDN copies are available on [cdnjs](http://cdnjs.com/libraries/lodash.js/) & [jsDelivr](http://www.jsdelivr.com/#!lodash). For smaller file sizes, create [custom builds](http://lodash.com/custom-builds) with only the features needed.\n\nLove modules? We’ve got you covered with [lodash-amd](https://npmjs.org/package/lodash-amd), [lodash-es6](https://github.com/lodash/lodash-es6), [lodash-node](https://npmjs.org/package/lodash-node), & [npm packages](https://npmjs.org/browse/keyword/lodash-modularized) per method.\n\n## Dive in\n\nThere’s plenty of **[documentation](http://lodash.com/docs)**, [unit tests](http://lodash.com/tests), & [benchmarks](http://lodash.com/benchmarks).<br>\nCheck out <a href="http://devdocs.io/lodash/">DevDocs</a> as a fast, organized, & searchable interface for our documentation.\n\nThe full changelog for this release is available on our [wiki](https://github.com/lodash/lodash/wiki/Changelog).<br>\nA list of upcoming features is available on our [roadmap](https://github.com/lodash/lodash/wiki/Roadmap).\n\n## Features *not* in Underscore\n\n * AMD loader support ([curl](https://github.com/cujojs/curl), [dojo](http://dojotoolkit.org/), [requirejs](http://requirejs.org/), etc.)\n * [_(…)](http://lodash.com/docs#_) supports intuitive chaining\n * [_.at](http://lodash.com/docs#at) for cherry-picking collection values\n * [_.bindKey](http://lodash.com/docs#bindKey) for binding [*“lazy”*](http://michaux.ca/articles/lazy-function-definition-pattern) defined methods\n * [_.clone](http://lodash.com/docs#clone) supports shallow cloning of `Date` & `RegExp` objects\n * [_.cloneDeep](http://lodash.com/docs#cloneDeep) for deep cloning arrays & objects\n * [_.constant](http://lodash.com/docs#constant) & [_.property](http://lodash.com/docs#property) function generators for composing functions\n * [_.contains](http://lodash.com/docs#contains) accepts a `fromIndex`\n * [_.create](http://lodash.com/docs#create) for easier object inheritance\n * [_.createCallback](http://lodash.com/docs#createCallback) for extending callbacks in methods & mixins\n * [_.curry](http://lodash.com/docs#curry) for creating [curried](http://hughfdjackson.com/javascript/2013/07/06/why-curry-helps/) functions\n * [_.debounce](http://lodash.com/docs#debounce) & [_.throttle](http://lodash.com/docs#throttle) accept additional `options` for more control\n * [_.findIndex](http://lodash.com/docs#findIndex) & [_.findKey](http://lodash.com/docs#findKey) for finding indexes & keys\n * [_.forEach](http://lodash.com/docs#forEach) is chainable & supports exiting early\n * [_.forIn](http://lodash.com/docs#forIn) for iterating own & inherited properties\n * [_.forOwn](http://lodash.com/docs#forOwn) for iterating own properties\n * [_.isPlainObject](http://lodash.com/docs#isPlainObject) for checking if values are created by `Object`\n * [_.mapValues](http://lodash.com/docs#mapValues) for [mapping](http://lodash.com/docs#map) values to an object\n * [_.memoize](http://lodash.com/docs#memoize) exposes the `cache` of memoized functions\n * [_.merge](http://lodash.com/docs#merge) for a deep [_.extend](http://lodash.com/docs#extend)\n * [_.noop](http://lodash.com/docs#noop) for function placeholders\n * [_.now](http://lodash.com/docs#now) as a cross-browser `Date.now` alternative\n * [_.parseInt](http://lodash.com/docs#parseInt) for consistent behavior\n * [_.pull](http://lodash.com/docs#pull) & [_.remove](http://lodash.com/docs#remove) for mutating arrays\n * [_.random](http://lodash.com/docs#random) supports returning floating-point numbers\n * [_.runInContext](http://lodash.com/docs#runInContext) for easier mocking\n * [_.sortBy](http://lodash.com/docs#sortBy) supports sorting by multiple properties\n * [_.support](http://lodash.com/docs#support) for flagging environment features\n * [_.template](http://lodash.com/docs#template) supports [*“imports”*](http://lodash.com/docs#templateSettings_imports) options & [ES6 template delimiters](http://people.mozilla.org/~jorendorff/es6-draft.html#sec-literals-string-literals)\n * [_.transform](http://lodash.com/docs#transform) as a powerful alternative to [_.reduce](http://lodash.com/docs#reduce) for transforming objects\n * [_.where](http://lodash.com/docs#where) supports deep object comparisons\n * [_.xor](http://lodash.com/docs#xor) as a companion to [_.difference](http://lodash.com/docs#difference), [_.intersection](http://lodash.com/docs#intersection), & [_.union](http://lodash.com/docs#union)\n * [_.zip](http://lodash.com/docs#zip) is capable of unzipping values\n * [_.omit](http://lodash.com/docs#omit), [_.pick](http://lodash.com/docs#pick), &\n   [more](http://lodash.com/docs "_.assign, _.clone, _.cloneDeep, _.first, _.initial, _.isEqual, _.last, _.merge, _.rest") accept callbacks\n * [_.contains](http://lodash.com/docs#contains), [_.toArray](http://lodash.com/docs#toArray), &\n   [more](http://lodash.com/docs "_.at, _.countBy, _.every, _.filter, _.find, _.forEach, _.forEachRight, _.groupBy, _.invoke, _.map, _.max, _.min, _.pluck, _.reduce, _.reduceRight, _.reject, _.shuffle, _.size, _.some, _.sortBy, _.where") accept strings\n * [_.filter](http://lodash.com/docs#filter), [_.map](http://lodash.com/docs#map), &\n   [more](http://lodash.com/docs "_.countBy, _.every, _.find, _.findKey, _.findLast, _.findLastIndex, _.findLastKey, _.first, _.groupBy, _.initial, _.last, _.max, _.min, _.reject, _.rest, _.some, _.sortBy, _.sortedIndex, _.uniq") support *“_.pluck”* & *“_.where”* shorthands\n * [_.findLast](http://lodash.com/docs#findLast), [_.findLastIndex](http://lodash.com/docs#findLastIndex), &\n   [more](http://lodash.com/docs "_.findLastKey, _.forEachRight, _.forInRight, _.forOwnRight, _.partialRight") right-associative methods\n\n## Resources\n\n * Podcasts\n  - [JavaScript Jabber](http://javascriptjabber.com/079-jsj-lo-dash-with-john-david-dalton/)\n\n * Posts\n  - [Say “Hello” to Lo-Dash](http://kitcambridge.be/blog/say-hello-to-lo-dash/)\n  - [Custom builds in Lo-Dash 2.0](http://kitcambridge.be/blog/custom-builds-in-lo-dash-2-dot-0/)\n\n * Videos\n  - [Introduction](https://vimeo.com/44154599)\n  - [Origins](https://vimeo.com/44154600)\n  - [Optimizations & builds](https://vimeo.com/44154601)\n  - [Native method use](https://vimeo.com/48576012)\n  - [Testing](https://vimeo.com/45865290)\n  - [CascadiaJS ’12](http://www.youtube.com/watch?v=dpPy4f_SeEk)\n\n A list of other community created podcasts, posts, & videos is available on our [wiki](https://github.com/lodash/lodash/wiki/Resources).\n\n## Support\n\nTested in Chrome 5~31, Firefox 2~25, IE 6-11, Opera 9.25~17, Safari 3-7, Node.js 0.6.21~0.10.22, Narwhal 0.3.2, PhantomJS 1.9.2, RingoJS 0.9, & Rhino 1.7RC5.<br>\nAutomated browser test results [are available](https://saucelabs.com/u/lodash) as well as [Travis CI](https://travis-ci.org/) builds for [lodash](https://travis-ci.org/lodash/lodash/), [lodash-cli](https://travis-ci.org/lodash/lodash-cli/), [lodash-amd](https://travis-ci.org/lodash/lodash-amd/), [lodash-node](https://travis-ci.org/lodash/lodash-node/), & [grunt-lodash](https://travis-ci.org/lodash/grunt-lodash).\n\nSpecial thanks to [Sauce Labs](https://saucelabs.com/) for providing automated browser testing.<br>\n[![Sauce Labs](http://lodash.com/_img/sauce.png)](https://saucelabs.com/ "Sauce Labs: Selenium Testing & More")\n\n## Installation & usage\n\nIn browsers:\n\n```html\n<script src="lodash.js"></script>\n```\n\nUsing [`npm`](http://npmjs.org/):\n\n```bash\nnpm i --save lodash\n\n{sudo} npm i -g lodash\nnpm ln lodash\n```\n\nIn [Node.js](http://nodejs.org/) & [Ringo](http://ringojs.org/):\n\n```js\nvar _ = require(\'lodash\');\n// or as Underscore\nvar _ = require(\'lodash/dist/lodash.underscore\');\n```\n\n**Notes:**\n * Don’t assign values to [special variable](http://nodejs.org/api/repl.html#repl_repl_features) `_` when in the REPL\n * If Lo-Dash is installed globally, run [`npm ln lodash`](http://blog.nodejs.org/2011/03/23/npm-1-0-global-vs-local-installation/) in your project’s root directory *before* requiring it\n\nIn [Rhino](http://www.mozilla.org/rhino/):\n\n```js\nload(\'lodash.js\');\n```\n\nIn an AMD loader:\n\n```js\nrequire({\n  \'packages\': [\n    { \'name\': \'lodash\', \'location\': \'path/to/lodash\', \'main\': \'lodash\' }\n  ]\n},\n[\'lodash\'], function(_) {\n  console.log(_.VERSION);\n});\n```\n\n## Author\n\n| [![twitter/jdalton](http://gravatar.com/avatar/299a3d891ff1920b69c364d061007043?s=70)](https://twitter.com/jdalton "Follow @jdalton on Twitter") |\n|---|\n| [John-David Dalton](http://allyoucanleet.com/) |\n\n## Contributors\n\n| [![twitter/blainebublitz](http://gravatar.com/avatar/ac1c67fd906c9fecd823ce302283b4c1?s=70)](https://twitter.com/blainebublitz "Follow @BlaineBublitz on Twitter") | [![twitter/kitcambridge](http://gravatar.com/avatar/6662a1d02f351b5ef2f8b4d815804661?s=70)](https://twitter.com/kitcambridge "Follow @kitcambridge on Twitter") | [![twitter/mathias](http://gravatar.com/avatar/24e08a9ea84deb17ae121074d0f17125?s=70)](https://twitter.com/mathias "Follow @mathias on Twitter") |\n|---|---|---|\n| [Blaine Bublitz](http://www.iceddev.com/) | [Kit Cambridge](http://kitcambridge.be/) | [Mathias Bynens](http://mathiasbynens.be/) |\n\n[![Bitdeli Badge](https://d2weczhvl823v0.cloudfront.net/lodash/lodash/trend.png)](https://bitdeli.com/free "Bitdeli Badge")\n',
135 silly resolved     readmeFilename: 'README.md',
135 silly resolved     _id: 'lodash@2.4.1',
135 silly resolved     _shasum: '5b7723034dda4d262e5a46fb2c58d7cc22f71420',
135 silly resolved     _from: 'lodash@~2.4.1',
135 silly resolved     _resolved: 'http://registry.npmjs.org/lodash/-/lodash-2.4.1.tgz' } ]
136 info install lodash@2.4.1 into /srv/http/DP/new/node_modules/hapi-mongoose-handler
137 info installOne lodash@2.4.1
138 info /srv/http/DP/new/node_modules/hapi-mongoose-handler/node_modules/lodash unbuild
139 verbose tar unpack /home/zajca/.npm/lodash/2.4.1/package.tgz
140 silly lockFile 3699d853-oose-handler-node-modules-lodash tar:///srv/http/DP/new/node_modules/hapi-mongoose-handler/node_modules/lodash
141 verbose lock tar:///srv/http/DP/new/node_modules/hapi-mongoose-handler/node_modules/lodash /home/zajca/.npm/3699d853-oose-handler-node-modules-lodash.lock
142 silly lockFile 79802360-jca-npm-lodash-2-4-1-package-tgz tar:///home/zajca/.npm/lodash/2.4.1/package.tgz
143 verbose lock tar:///home/zajca/.npm/lodash/2.4.1/package.tgz /home/zajca/.npm/79802360-jca-npm-lodash-2-4-1-package-tgz.lock
144 silly gunzTarPerm modes [ '755', '644' ]
145 silly gunzTarPerm extractEntry package.json
146 silly gunzTarPerm extractEntry README.md
147 silly gunzTarPerm extractEntry lodash.js
148 silly gunzTarPerm extractEntry LICENSE.txt
149 silly gunzTarPerm extractEntry dist/lodash.compat.js
150 silly gunzTarPerm extractEntry dist/lodash.compat.min.js
151 silly gunzTarPerm extractEntry dist/lodash.js
152 silly gunzTarPerm extractEntry dist/lodash.min.js
153 silly gunzTarPerm extractEntry dist/lodash.underscore.js
154 silly gunzTarPerm extractEntry dist/lodash.underscore.min.js
155 silly lockFile 3699d853-oose-handler-node-modules-lodash tar:///srv/http/DP/new/node_modules/hapi-mongoose-handler/node_modules/lodash
156 silly lockFile 3699d853-oose-handler-node-modules-lodash tar:///srv/http/DP/new/node_modules/hapi-mongoose-handler/node_modules/lodash
157 silly lockFile 79802360-jca-npm-lodash-2-4-1-package-tgz tar:///home/zajca/.npm/lodash/2.4.1/package.tgz
158 silly lockFile 79802360-jca-npm-lodash-2-4-1-package-tgz tar:///home/zajca/.npm/lodash/2.4.1/package.tgz
159 info preinstall lodash@2.4.1
160 verbose readDependencies using package.json deps
161 verbose readDependencies using package.json deps
162 silly resolved []
163 verbose about to build /srv/http/DP/new/node_modules/hapi-mongoose-handler/node_modules/lodash
164 info build /srv/http/DP/new/node_modules/hapi-mongoose-handler/node_modules/lodash
165 verbose linkStuff [ false,
165 verbose linkStuff   false,
165 verbose linkStuff   false,
165 verbose linkStuff   '/srv/http/DP/new/node_modules/hapi-mongoose-handler/node_modules' ]
166 info linkStuff lodash@2.4.1
167 verbose linkBins lodash@2.4.1
168 verbose linkMans lodash@2.4.1
169 verbose rebuildBundles lodash@2.4.1
170 info install lodash@2.4.1
171 info postinstall lodash@2.4.1
172 verbose about to build /srv/http/DP/new/node_modules/hapi-mongoose-handler
173 info build /srv/http/DP/new/node_modules/hapi-mongoose-handler
174 verbose linkStuff [ false, false, false, '/srv/http/DP/new/node_modules' ]
175 info linkStuff hapi-mongoose-handler@0.0.5
176 verbose linkBins hapi-mongoose-handler@0.0.5
177 verbose linkMans hapi-mongoose-handler@0.0.5
178 verbose rebuildBundles hapi-mongoose-handler@0.0.5
179 verbose rebuildBundles [ 'lodash' ]
180 info install hapi-mongoose-handler@0.0.5
181 info postinstall hapi-mongoose-handler@0.0.5
182 verbose readDependencies using package.json deps
183 verbose already installed skipping hapi@2.x.x /srv/http/DP/new
184 silly resolved []
185 error peerinvalid The package hapi does not satisfy its siblings' peerDependencies requirements!
185 error peerinvalid Peer hapi-auth-jwt@0.1.2 wants hapi@>=2.x.x
185 error peerinvalid Peer yar@2.1.0 wants hapi@>=2.x.x
185 error peerinvalid Peer hapi-mongoose-handler@0.0.5 wants hapi@2.x.x
186 error System Linux 3.14.1-1-ARCH
187 error command "node" "/usr/bin/npm" "install" "--save" "hapi-mongoose-handler"
188 error cwd /srv/http/DP/new
189 error node -v v0.10.26
190 error npm -v 1.4.9
191 error code EPEERINVALID
192 verbose exit [ 1, true ]
